<?xml version="1.0" encoding="UTF-8"?>
<!-- Generated by org.testng.reporters.JUnitReportReporter -->
<testsuite hostname="User-PC" name="com.nat.test.LoginTest" tests="4" failures="0" timestamp="22 Apr 2015 17:22:53 GMT" time="29.289" errors="0">
  <testcase name="testSearch" time="3.000" classname="com.nat.test.LoginTest"/>
  <testcase name="testNotifications" time="7.476" classname="com.nat.test.LoginTest"/>
  <testcase name="testSearch" time="8.740" classname="com.nat.test.LoginTest"/>
  <testcase name="testLogin" time="10.073" classname="com.nat.test.LoginTest"/>
</testsuite> <!-- com.nat.test.LoginTest -->
