<?xml version="1.0" encoding="UTF-8"?>
<!-- Generated by org.testng.reporters.JUnitReportReporter -->
<testsuite hostname="User-PC" name="com.nat.test.RepositoryTest" tests="2" failures="0" timestamp="22 Apr 2015 17:24:21 GMT" time="64.421" errors="0">
  <testcase name="testRepositoryCreating" time="36.013" classname="com.nat.test.RepositoryTest"/>
  <testcase name="testRepositoryDeleting" time="28.408" classname="com.nat.test.RepositoryTest"/>
</testsuite> <!-- com.nat.test.RepositoryTest -->
