<?xml version="1.0" encoding="UTF-8"?>
<!-- Generated by org.testng.reporters.JUnitReportReporter -->
<testsuite hostname="User-PC" name="com.nat.test.LoginTest" tests="4" failures="0" timestamp="21 Apr 2015 20:43:46 GMT" time="27.897" errors="0">
  <testcase name="testNotifications" time="7.464" classname="com.nat.test.LoginTest"/>
  <testcase name="testLogin" time="8.728" classname="com.nat.test.LoginTest"/>
  <testcase name="testSearch" time="4.631" classname="com.nat.test.LoginTest"/>
  <testcase name="testSearch" time="7.074" classname="com.nat.test.LoginTest"/>
</testsuite> <!-- com.nat.test.LoginTest -->
