<?xml version="1.0" encoding="UTF-8"?>
<!-- Generated by org.testng.reporters.JUnitReportReporter -->
<testsuite hostname="User-PC" name="com.nat.test.RepositoryTest" tests="2" failures="0" timestamp="21 Apr 2015 20:45:30 GMT" time="61.358" errors="0">
  <testcase name="testRepositoryDeleting" time="30.969" classname="com.nat.test.RepositoryTest"/>
  <testcase name="testRepositoryCreating" time="30.389" classname="com.nat.test.RepositoryTest"/>
</testsuite> <!-- com.nat.test.RepositoryTest -->
