<?xml version="1.0" encoding="UTF-8"?>
<!-- Generated by org.testng.reporters.JUnitReportReporter -->
<testsuite hostname="User-PC" name="com.nat.test.GitTest" tests="3" failures="0" timestamp="17 Apr 2015 19:13:19 GMT" time="13.234" errors="0">
  <testcase name="testSearch" time="2.046" classname="com.nat.test.GitTest"/>
  <testcase name="testLogin" time="7.524" classname="com.nat.test.GitTest"/>
  <testcase name="testSearch" time="3.664" classname="com.nat.test.GitTest"/>
</testsuite> <!-- com.nat.test.GitTest -->
