<?xml version="1.0" encoding="UTF-8"?>
<!-- Generated by org.testng.reporters.JUnitReportReporter -->
<testsuite hostname="User-PC" name="com.nat.test.GitRepTest" tests="2" failures="0" timestamp="17 Apr 2015 19:02:52 GMT" time="54.818" errors="0">
  <testcase name="testRepositoryDeleting" time="26.026" classname="com.nat.test.GitRepTest"/>
  <testcase name="testRepositoryCreating" time="28.792" classname="com.nat.test.GitRepTest"/>
</testsuite> <!-- com.nat.test.GitRepTest -->
